<?xml version="1.0" encoding="UTF-8"?>
<testng-results skipped="0" failed="0" ignored="0" total="1" passed="1">
  <reporter-output>
  </reporter-output>
  <suite name="Default suite" duration-ms="7789" started-at="2019-09-28T11:08:12Z" finished-at="2019-09-28T11:08:20Z">
    <groups>
    </groups>
    <test name="Default test" duration-ms="7789" started-at="2019-09-28T11:08:12Z" finished-at="2019-09-28T11:08:20Z">
      <class name="com.nbrown.testscenario.JDW.DesiredCapability3">
        <test-method status="PASS" signature="m1()[pri:0, instance:com.nbrown.testscenario.JDW.DesiredCapability3@29ee9faa]" name="m1" duration-ms="7735" started-at="2019-09-28T11:08:12Z" finished-at="2019-09-28T11:08:20Z">
          <reporter-output>
          </reporter-output>
        </test-method> <!-- m1 -->
      </class> <!-- com.nbrown.testscenario.JDW.DesiredCapability3 -->
    </test> <!-- Default test -->
  </suite> <!-- Default suite -->
</testng-results>
